#
# There is insufficient memory for the Java Runtime Environment to continue.
# Native memory allocation (mmap) failed to map 264241152 bytes for G1 virtual space
# Possible reasons:
#   The system is out of physical RAM or swap space
#   The process is running with CompressedOops enabled, and the Java Heap may be blocking the growth of the native heap
# Possible solutions:
#   Reduce memory load on the system
#   Increase physical memory or swap space
#   Check if swap backing store is full
#   Decrease Java heap size (-Xmx/-Xms)
#   Decrease number of Java threads
#   Decrease Java thread stack sizes (-Xss)
#   Set larger code cache with -XX:ReservedCodeCacheSize=
#   JVM is running with Zero Based Compressed Oops mode in which the Java heap is
#     placed in the first 32GB address space. The Java Heap base address is the
#     maximum limit for the native heap growth. Please use -XX:HeapBaseMinAddress
#     to set the Java Heap base and to place the Java Heap above 32GB virtual address.
# This output file may be truncated or incomplete.
#
#  Out of Memory Error (os_windows.cpp:3600), pid=27324, tid=38628
#
# JRE version:  (21.0.2+13) (build )
# Java VM: Java HotSpot(TM) 64-Bit Server VM (21.0.2+13-LTS-58, mixed mode, sharing, tiered, compressed oops, compressed class ptrs, g1 gc, windows-amd64)
# No core dump will be written. Minidumps are not enabled by default on client versions of Windows
#

---------------  S U M M A R Y ------------

Command Line: -Dfile.encoding=UTF-8 -Dstdout.encoding=UTF-8 -Dstderr.encoding=UTF-8 -XX:+ShowCodeDetailsInExceptionMessages com.college.sms.test.LaunchApp

Host: 13th Gen Intel(R) Core(TM) i7-1355U, 12 cores, 15G,  Windows 11 , 64 bit Build 26100 (10.0.26100.6725)
Time: Fri Feb 13 23:41:03 2026 India Standard Time elapsed time: 2.046107 seconds (0d 0h 0m 2s)

---------------  T H R E A D  ---------------

Current thread (0x000001d72d53f840):  JavaThread "Unknown thread" [_thread_in_vm, id=38628, stack(0x000000778ad00000,0x000000778ae00000) (1024K)]

Stack: [0x000000778ad00000,0x000000778ae00000]
Native frames: (J=compiled Java code, j=interpreted, Vv=VM code, C=native code)
V  [jvm.dll+0x6cade9]
V  [jvm.dll+0x8569c1]
V  [jvm.dll+0x858d2e]
V  [jvm.dll+0x859413]
V  [jvm.dll+0x280e56]
V  [jvm.dll+0x6c74d5]
V  [jvm.dll+0x6bbeca]
V  [jvm.dll+0x355bca]
V  [jvm.dll+0x35d816]
V  [jvm.dll+0x3ae67e]
V  [jvm.dll+0x3ae928]
V  [jvm.dll+0x3295dc]
V  [jvm.dll+0x32a16b]
V  [jvm.dll+0x81efa9]
V  [jvm.dll+0x3bba01]
V  [jvm.dll+0x807928]
V  [jvm.dll+0x44f50e]
V  [jvm.dll+0x450e11]
C  [jli.dll+0x52a3]
C  [ucrtbase.dll+0x37b0]
C  [KERNEL32.DLL+0x2e8d7]
C  [ntdll.dll+0x8c53c]


---------------  P R O C E S S  ---------------

Threads class SMR info:
_java_thread_list=0x00007ff8e99ebb88, length=0, elements={
}

Java Threads: ( => current thread )
Total: 0

Other Threads:
  0x000001d72d5a8890 WorkerThread "GC Thread#0"                     [id=26652, stack(0x000000778ae00000,0x000000778af00000) (1024K)]
  0x000001d72d5b91f0 ConcurrentGCThread "G1 Main Marker"            [id=55524, stack(0x000000778af00000,0x000000778b000000) (1024K)]
  0x000001d72d5bc590 WorkerThread "G1 Conc#0"                       [id=16360, stack(0x000000778b000000,0x000000778b100000) (1024K)]

[error occurred during error reporting (printing all threads), id 0xc0000005, EXCEPTION_ACCESS_VIOLATION (0xc0000005) at pc=0x00007ff8e915c6a7]
VM state: not at safepoint (not fully initialized)

VM Mutex/Monitor currently owned by a thread:  ([mutex/lock_event])
[0x00007ff8e9a5ce68] Heap_lock - owner thread: 0x000001d72d53f840

Heap address: 0x0000000705800000, size: 4008 MB, Compressed Oops mode: Zero based, Oop shift amount: 3

CDS archive(s) mapped at: [0x0000000000000000-0x0000000000000000-0x0000000000000000), size 0, SharedBaseAddress: 0x0000000800000000, ArchiveRelocationMode: 1.
Narrow klass base: 0x0000000000000000, Narrow klass shift: 0, Narrow klass range: 0x0

GC Precious Log:
 CardTable entry size: 512
 Card Set container configuration: InlinePtr #cards 4 size 8 Array Of Cards #cards 16 size 48 Howl #buckets 8 coarsen threshold 3686 Howl Bitmap #cards 512 size 80 coarsen threshold 460 Card regions per heap region 1 cards per card region 4096

Heap:
 garbage-first heap   total 0K, used 0K [0x0000000705800000, 0x0000000800000000)
  region size 2048K, 0 young (0K), 0 survivors (0K)

[error occurred during error reporting (printing heap information), id 0xc0000005, EXCEPTION_ACCESS_VIOLATION (0xc0000005) at pc=0x00007ff8e95439f9]
GC Heap History (0 events):
No events

Dll operation events (1 events):
Event: 0.010 Loaded shared library C:\Program Files\Java\jdk-21\bin\java.dll

Deoptimization events (0 events):
No events

Classes loaded (0 events):
No events

Classes unloaded (0 events):
No events

Classes redefined (0 events):
No events

Internal exceptions (0 events):
No events

ZGC Phase Switch (0 events):
No events

VM Operations (0 events):
No events

Events (0 events):
No events


Dynamic libraries:
0x00007ff6ffbf0000 - 0x00007ff6ffc00000 	C:\Program Files\Java\jdk-21\bin\javaw.exe
0x00007ff998c20000 - 0x00007ff998e88000 	C:\WINDOWS\SYSTEM32\ntdll.dll
0x00007ff9510c0000 - 0x00007ff9510e0000 	C:\Program Files\Avast Software\Avast\aswhook.dll
0x00007ff9981d0000 - 0x00007ff998299000 	C:\WINDOWS\System32\KERNEL32.DLL
0x00007ff995f90000 - 0x00007ff996382000 	C:\WINDOWS\System32\KERNELBASE.dll
0x00007ff995db0000 - 0x00007ff995efb000 	C:\WINDOWS\System32\ucrtbase.dll
0x00007ff961060000 - 0x00007ff96107b000 	C:\Program Files\Java\jdk-21\bin\VCRUNTIME140.dll
0x00007ff970560000 - 0x00007ff970579000 	C:\Program Files\Java\jdk-21\bin\jli.dll
0x00007ff998ac0000 - 0x00007ff998b74000 	C:\WINDOWS\System32\ADVAPI32.dll
0x00007ff9982a0000 - 0x00007ff998349000 	C:\WINDOWS\System32\msvcrt.dll
0x00007ff997de0000 - 0x00007ff997e86000 	C:\WINDOWS\System32\sechost.dll
0x00007ff997be0000 - 0x00007ff997cf8000 	C:\WINDOWS\System32\RPCRT4.dll
0x00007ff997610000 - 0x00007ff9977d5000 	C:\WINDOWS\System32\USER32.dll
0x00007ff996630000 - 0x00007ff996657000 	C:\WINDOWS\System32\win32u.dll
0x00007ff9713c0000 - 0x00007ff971653000 	C:\WINDOWS\WinSxS\amd64_microsoft.windows.common-controls_6595b64144ccf1df_6.0.26100.6725_none_3e085828e334708b\COMCTL32.dll
0x00007ff996e80000 - 0x00007ff996eab000 	C:\WINDOWS\System32\GDI32.dll
0x00007ff996500000 - 0x00007ff99662d000 	C:\WINDOWS\System32\gdi32full.dll
0x00007ff996660000 - 0x00007ff996703000 	C:\WINDOWS\System32\msvcp_win.dll
0x00007ff98aa40000 - 0x00007ff98aa4b000 	C:\WINDOWS\SYSTEM32\VERSION.dll
0x00007ff998170000 - 0x00007ff99819f000 	C:\WINDOWS\System32\IMM32.DLL
0x00007ff98ae80000 - 0x00007ff98ae8c000 	C:\Program Files\Java\jdk-21\bin\vcruntime140_1.dll
0x00007ff95c410000 - 0x00007ff95c49e000 	C:\Program Files\Java\jdk-21\bin\msvcp140.dll
0x00007ff8e8e20000 - 0x00007ff8e9b37000 	C:\Program Files\Java\jdk-21\bin\server\jvm.dll
0x00007ff9984f0000 - 0x00007ff998564000 	C:\WINDOWS\System32\WS2_32.dll
0x00007ff995c10000 - 0x00007ff995c6e000 	C:\WINDOWS\SYSTEM32\POWRPROF.dll
0x00007ff98c3f0000 - 0x00007ff98c425000 	C:\WINDOWS\SYSTEM32\WINMM.dll
0x00007ff995bf0000 - 0x00007ff995c04000 	C:\WINDOWS\SYSTEM32\UMPDC.dll
0x00007ff994b80000 - 0x00007ff994b9b000 	C:\WINDOWS\SYSTEM32\kernel.appcore.dll
0x00007ff983aa0000 - 0x00007ff983aaa000 	C:\Program Files\Java\jdk-21\bin\jimage.dll
0x00007ff9934d0000 - 0x00007ff993712000 	C:\WINDOWS\SYSTEM32\DBGHELP.DLL
0x00007ff9977e0000 - 0x00007ff997b5b000 	C:\WINDOWS\System32\combase.dll
0x00007ff997d00000 - 0x00007ff997dd7000 	C:\WINDOWS\System32\OLEAUT32.dll
0x00007ff97fd10000 - 0x00007ff97fd4c000 	C:\WINDOWS\SYSTEM32\dbgcore.DLL
0x00007ff996950000 - 0x00007ff9969e8000 	C:\WINDOWS\System32\bcryptPrimitives.dll
0x00007ff95cca0000 - 0x00007ff95ccbf000 	C:\Program Files\Java\jdk-21\bin\java.dll

dbghelp: loaded successfully - version: 4.0.5 - missing functions: none
symbol engine: initialized successfully - sym options: 0x614 - pdb path: .;C:\Program Files\Java\jdk-21\bin;C:\WINDOWS\SYSTEM32;C:\Program Files\Avast Software\Avast;C:\WINDOWS\WinSxS\amd64_microsoft.windows.common-controls_6595b64144ccf1df_6.0.26100.6725_none_3e085828e334708b;C:\Program Files\Java\jdk-21\bin\server

VM Arguments:
jvm_args: -Dfile.encoding=UTF-8 -Dstdout.encoding=UTF-8 -Dstderr.encoding=UTF-8 -XX:+ShowCodeDetailsInExceptionMessages 
java_command: com.college.sms.test.LaunchApp
java_class_path (initial): C:\Users\hp\Desktop\file\advance java\javaMini\StudentMarkingSystem\studentmarkingsystem\target\classes;C:\Users\hp\.m2\repository\com\mysql\mysql-connector-j\8.0.33\mysql-connector-j-8.0.33.jar;C:\Users\hp\.m2\repository\com\google\protobuf\protobuf-java\3.21.9\protobuf-java-3.21.9.jar;C:\Users\hp\.m2\repository\org\jfree\jfreechart\1.5.3\jfreechart-1.5.3.jar;C:\Users\hp\.m2\repository\org\apache\poi\poi\5.2.3\poi-5.2.3.jar;C:\Users\hp\.m2\repository\commons-codec\commons-codec\1.15\commons-codec-1.15.jar;C:\Users\hp\.m2\repository\org\apache\commons\commons-collections4\4.4\commons-collections4-4.4.jar;C:\Users\hp\.m2\repository\org\apache\commons\commons-math3\3.6.1\commons-math3-3.6.1.jar;C:\Users\hp\.m2\repository\commons-io\commons-io\2.11.0\commons-io-2.11.0.jar;C:\Users\hp\.m2\repository\com\zaxxer\SparseBitSet\1.2\SparseBitSet-1.2.jar;C:\Users\hp\.m2\repository\org\apache\logging\log4j\log4j-api\2.18.0\log4j-api-2.18.0.jar;C:\Users\hp\.m2\repository\org\apache\poi\poi-ooxml\5.2.3\poi-ooxml-5.2.3.jar;C:\Users\hp\.m2\repository\org\apache\poi\poi-ooxml-lite\5.2.3\poi-ooxml-lite-5.2.3.jar;C:\Users\hp\.m2\repository\org\apache\xmlbeans\xmlbeans\5.1.1\xmlbeans-5.1.1.jar;C:\Users\hp\.m2\repository\org\apache\commons\commons-compress\1.21\commons-compress-1.21.jar;C:\Users\hp\.m2\repository\com\github\virtuald\curvesapi\1.07\curvesapi-1.07.jar
Launcher Type: SUN_STANDARD

[Global flags]
     intx CICompilerCount                          = 4                                         {product} {ergonomic}
     uint ConcGCThreads                            = 3                                         {product} {ergonomic}
     uint G1ConcRefinementThreads                  = 10                                        {product} {ergonomic}
   size_t G1HeapRegionSize                         = 2097152                                   {product} {ergonomic}
    uintx GCDrainStackTargetSize                   = 64                                        {product} {ergonomic}
   size_t InitialHeapSize                          = 264241152                                 {product} {ergonomic}
   size_t MarkStackSize                            = 4194304                                   {product} {ergonomic}
   size_t MaxHeapSize                              = 4202692608                                {product} {ergonomic}
   size_t MinHeapDeltaBytes                        = 2097152                                   {product} {ergonomic}
   size_t MinHeapSize                              = 8388608                                   {product} {ergonomic}
    uintx NonNMethodCodeHeapSize                   = 5839372                                {pd product} {ergonomic}
    uintx NonProfiledCodeHeapSize                  = 122909434                              {pd product} {ergonomic}
    uintx ProfiledCodeHeapSize                     = 122909434                              {pd product} {ergonomic}
    uintx ReservedCodeCacheSize                    = 251658240                              {pd product} {ergonomic}
     bool SegmentedCodeCache                       = true                                      {product} {ergonomic}
     bool ShowCodeDetailsInExceptionMessages       = true                                   {manageable} {command line}
   size_t SoftMaxHeapSize                          = 4202692608                             {manageable} {ergonomic}
     bool UseCompressedOops                        = true                           {product lp64_product} {ergonomic}
     bool UseG1GC                                  = true                                      {product} {ergonomic}
     bool UseLargePagesIndividualAllocation        = false                                  {pd product} {ergonomic}

Logging:
Log output configuration:
 #0: stdout all=warning uptime,level,tags foldmultilines=false
 #1: stderr all=off uptime,level,tags foldmultilines=false

Environment Variables:
PATH=C:\Program Files\Python313\Scripts\;C:\Program Files\Python313\;C:\Program Files\Common Files\Oracle\Java\javapath;C:\windows\system32;C:\windows;C:\windows\System32\Wbem;C:\windows\System32\WindowsPowerShell\v1.0\;C:\windows\System32\OpenSSH\;C:\Program Files (x86)\NVIDIA Corporation\PhysX\Common;C:\Program Files\NVIDIA Corporation\NVIDIA NvDLISR;C:\Program Files\dotnet\;C:\MinGW\bin;C:\Program Files\MongoDB\Tools\100\bin;C:\Program Files\Git\cmd;C:\Program Files\Git\mingw64\bin;C:\Program Files\Git\usr\bin;C:\WINDOWS\system32;C:\WINDOWS;C:\WINDOWS\System32\Wbem;C:\WINDOWS\System32\WindowsPowerShell\v1.0\;C:\WINDOWS\System32\OpenSSH\;C:\Program Files\Docker\Docker\resources\bin;C:\Program Files\nodejs\;C:\kubo;C:\ipfs-cluster-service;C:\ipfs-cluster-ctl;C:\Program Files\MySQL\MySQL Shell 8.0\bin\;C:\Users\hp\.cargo\bin;C:\Users\hp\AppData\Local\Microsoft\WindowsApps;C:\Users\hp\AppData\Local\Programs\Microsoft VS Code\bin;C:\Program Files\JetBrains\IntelliJ IDEA 2024.3.2.2\bin;;C:\Users\hp\AppData\Local\Microsoft\WinGet\Packages\Schniz.fnm_Microsoft.Winget.Source_8wekyb3d8bbwe;C:\Users\hp\AppData\Local\Programs\mongosh\;C:\Program Files\MongoDB\Server\8.0\bin;C:\Users\hp\Downloads\mongosh-2.3.3-win32-x64 (1).zip\mongosh-2.3.3-win32-x64\bin;C:\Users\hp\Downloads\mongodb-windows-x86_64-8.0.3 (1)\mongodb-win32-x86_64-windows-8.0.3\bin;C:\Program Files\MongoDB\Tools\100\bin;C:\Users\hp\Downloads\rustup-init (1).exe;C:\MinGW\bin;C:\Users\hp\Downloads\postgresql-17.4-2-windows-x64.exe;C:\Program Files\PostgreSQL\17\bin;C:\Users\hp\AppData\Roaming\npm
USERNAME=hp
OS=Windows_NT
PROCESSOR_IDENTIFIER=Intel64 Family 6 Model 186 Stepping 3, GenuineIntel
TMP=C:\Users\hp\AppData\Local\Temp
TEMP=C:\Users\hp\AppData\Local\Temp




Periodic native trim disabled

---------------  S Y S T E M  ---------------

OS:
 Windows 11 , 64 bit Build 26100 (10.0.26100.6725)
OS uptime: 13 days 11:39 hours
Hyper-V role detected

CPU: total 12 (initial active 12) (6 cores per cpu, 2 threads per core) family 6 model 186 stepping 3 microcode 0x4121, cx8, cmov, fxsr, ht, mmx, 3dnowpref, sse, sse2, sse3, ssse3, sse4.1, sse4.2, popcnt, lzcnt, tsc, tscinvbit, avx, avx2, aes, erms, clmul, bmi1, bmi2, adx, sha, fma, vzeroupper, clflush, clflushopt, clwb, hv, serialize, rdtscp, rdpid, fsrm, f16c, cet_ibt, cet_ss
Processor Information for processor 0
  Max Mhz: 1700, Current Mhz: 1700, Mhz Limit: 1700
Processor Information for processor 1
  Max Mhz: 1700, Current Mhz: 1700, Mhz Limit: 1700
Processor Information for processor 2
  Max Mhz: 1700, Current Mhz: 1700, Mhz Limit: 1700
Processor Information for processor 3
  Max Mhz: 1700, Current Mhz: 1700, Mhz Limit: 1700
Processor Information for processor 4
  Max Mhz: 1700, Current Mhz: 1200, Mhz Limit: 1190
Processor Information for processor 5
  Max Mhz: 1700, Current Mhz: 1200, Mhz Limit: 1190
Processor Information for processor 6
  Max Mhz: 1700, Current Mhz: 1200, Mhz Limit: 1190
Processor Information for processor 7
  Max Mhz: 1700, Current Mhz: 1200, Mhz Limit: 1190
Processor Information for processor 8
  Max Mhz: 1700, Current Mhz: 1200, Mhz Limit: 1190
Processor Information for processor 9
  Max Mhz: 1700, Current Mhz: 1200, Mhz Limit: 1190
Processor Information for processor 10
  Max Mhz: 1700, Current Mhz: 1200, Mhz Limit: 1190
Processor Information for processor 11
  Max Mhz: 1700, Current Mhz: 1200, Mhz Limit: 1190

Memory: 4k page, system-wide physical 16027M (2395M free)
TotalPageFile size 54314M (AvailPageFile size 117M)
current process WorkingSet (physical memory assigned to process): 13M, peak: 13M
current process commit charge ("private bytes"): 64M, peak: 316M

vm_info: Java HotSpot(TM) 64-Bit Server VM (21.0.2+13-LTS-58) for windows-amd64 JRE (21.0.2+13-LTS-58), built on 2024-01-05T18:32:24Z by "mach5one" with MS VC++ 17.1 (VS2022)

END.
